24-03-21 19:16:05.331 : 01_EFQN
24-03-21 19:16:05.500 : 0000001.png - PSNR: 25.64 dB
24-03-21 19:16:05.676 : 0000002.png - PSNR: 21.00 dB
24-03-21 19:16:05.889 : 0000003.png - PSNR: 26.42 dB
24-03-21 19:16:06.041 : 0000004.png - PSNR: 24.26 dB
24-03-21 19:16:06.274 : 0000005.png - PSNR: 25.08 dB
24-03-21 19:16:06.499 : 0000006.png - PSNR: 20.37 dB
24-03-21 19:16:06.663 : 0000007.png - PSNR: 18.97 dB
24-03-21 19:16:06.772 : 0000008.png - PSNR: 23.39 dB
24-03-21 19:16:06.876 : 0000009.png - PSNR: 23.21 dB
24-03-21 19:16:07.026 : 0000010.png - PSNR: 20.71 dB
24-03-21 19:16:07.181 : 0000011.png - PSNR: 25.66 dB
24-03-21 19:16:07.370 : 0000012.png - PSNR: 25.26 dB
24-03-21 19:16:07.590 : 0000013.png - PSNR: 25.28 dB
24-03-21 19:16:07.742 : 0000014.png - PSNR: 24.83 dB
24-03-21 19:16:07.836 : 0000015.png - PSNR: 22.85 dB
24-03-21 19:16:08.003 : 0000016.png - PSNR: 21.00 dB
24-03-21 19:16:08.188 : 0000017.png - PSNR: 22.56 dB
24-03-21 19:16:08.374 : 0000018.png - PSNR: 25.81 dB
24-03-21 19:16:08.609 : 0000019.png - PSNR: 22.61 dB
24-03-21 19:16:08.839 : 0000020.png - PSNR: 25.01 dB
24-03-21 19:16:09.037 : 0000021.png - PSNR: 24.28 dB
24-03-21 19:16:09.210 : 0000022.png - PSNR: 25.99 dB
24-03-21 19:16:09.420 : 0000023.png - PSNR: 31.44 dB
24-03-21 19:16:09.553 : 0000024.png - PSNR: 20.91 dB
24-03-21 19:16:09.693 : 0000025.png - PSNR: 25.80 dB
24-03-21 19:16:09.820 : 0000026.png - PSNR: 31.65 dB
24-03-21 19:16:09.939 : 0000027.png - PSNR: 22.39 dB
24-03-21 19:16:10.075 : 0000028.png - PSNR: 20.70 dB
24-03-21 19:16:10.211 : 0000029.png - PSNR: 24.59 dB
24-03-21 19:16:10.417 : 0000030.png - PSNR: 23.29 dB
24-03-21 19:16:10.574 : 0000031.png - PSNR: 35.59 dB
24-03-21 19:16:10.710 : 0000032.png - PSNR: 21.34 dB
24-03-21 19:16:10.849 : 0000033.png - PSNR: 24.67 dB
24-03-21 19:16:10.919 : 0000034.png - PSNR: 21.62 dB
24-03-21 19:16:10.999 : 0000035.png - PSNR: 27.51 dB
24-03-21 19:16:11.104 : 0000036.png - PSNR: 21.13 dB
24-03-21 19:16:11.284 : 0000037.png - PSNR: 23.68 dB
24-03-21 19:16:11.459 : 0000038.png - PSNR: 23.57 dB
24-03-21 19:16:11.658 : 0000039.png - PSNR: 22.51 dB
24-03-21 19:16:11.793 : 0000040.png - PSNR: 33.80 dB
24-03-21 19:16:11.935 : 0000041.png - PSNR: 24.80 dB
24-03-21 19:16:12.079 : 0000042.png - PSNR: 21.90 dB
24-03-21 19:16:12.308 : 0000043.png - PSNR: 23.10 dB
24-03-21 19:16:12.527 : 0000044.png - PSNR: 24.07 dB
24-03-21 19:16:12.625 : 0000045.png - PSNR: 25.23 dB
24-03-21 19:16:12.852 : 0000046.png - PSNR: 26.34 dB
24-03-21 19:16:13.191 : 0000047.png - PSNR: 21.19 dB
24-03-21 19:16:13.736 : 0000048.png - PSNR: 29.27 dB
24-03-21 19:16:14.315 : 0000049.png - PSNR: 24.76 dB
24-03-21 19:16:14.600 : 0000050.png - PSNR: 29.64 dB
24-03-21 19:16:14.746 : 0000051.png - PSNR: 23.69 dB
24-03-21 19:16:15.112 : 0000052.png - PSNR: 26.21 dB
24-03-21 19:16:15.727 : 0000053.png - PSNR: 32.05 dB
24-03-21 19:16:16.093 : 0000054.png - PSNR: 27.93 dB
24-03-21 19:16:16.247 : 0000055.png - PSNR: 27.11 dB
24-03-21 19:16:16.439 : 0000056.png - PSNR: 24.76 dB
24-03-21 19:16:16.578 : 0000057.png - PSNR: 22.56 dB
24-03-21 19:16:16.830 : 0000058.png - PSNR: 19.12 dB
24-03-21 19:16:17.111 : 0000059.png - PSNR: 23.11 dB
24-03-21 19:16:17.331 : 0000060.png - PSNR: 22.76 dB
24-03-21 19:16:17.566 : 0000061.png - PSNR: 23.70 dB
24-03-21 19:16:17.756 : 0000062.png - PSNR: 20.81 dB
24-03-21 19:16:17.913 : 0000063.png - PSNR: 21.21 dB
24-03-21 19:16:18.105 : 0000064.png - PSNR: 28.25 dB
24-03-21 19:16:18.328 : 0000065.png - PSNR: 20.94 dB
24-03-21 19:16:18.523 : 0000066.png - PSNR: 24.02 dB
24-03-21 19:16:18.683 : 0000067.png - PSNR: 23.00 dB
24-03-21 19:16:18.824 : 0000068.png - PSNR: 26.56 dB
24-03-21 19:16:19.015 : 0000069.png - PSNR: 29.30 dB
24-03-21 19:16:19.212 : 0000070.png - PSNR: 31.03 dB
24-03-21 19:16:19.396 : 0000071.png - PSNR: 26.62 dB
24-03-21 19:16:19.567 : 0000072.png - PSNR: 26.50 dB
24-03-21 19:16:19.771 : 0000073.png - PSNR: 22.13 dB
24-03-21 19:16:19.988 : 0000074.png - PSNR: 27.28 dB
24-03-21 19:16:20.171 : 0000075.png - PSNR: 28.75 dB
24-03-21 19:16:20.381 : 0000076.png - PSNR: 22.90 dB
24-03-21 19:16:20.511 : 0000077.png - PSNR: 24.32 dB
24-03-21 19:16:20.630 : 0000078.png - PSNR: 26.06 dB
24-03-21 19:16:20.799 : 0000079.png - PSNR: 24.33 dB
24-03-21 19:16:20.985 : 0000080.png - PSNR: 24.20 dB
24-03-21 19:16:21.175 : 0000081.png - PSNR: 23.74 dB
24-03-21 19:16:21.362 : 0000082.png - PSNR: 19.72 dB
24-03-21 19:16:21.554 : 0000083.png - PSNR: 29.92 dB
24-03-21 19:16:21.684 : 0000084.png - PSNR: 31.53 dB
24-03-21 19:16:21.782 : 0000085.png - PSNR: 24.96 dB
24-03-21 19:16:21.931 : 0000086.png - PSNR: 27.14 dB
24-03-21 19:16:22.095 : 0000087.png - PSNR: 31.23 dB
24-03-21 19:16:22.278 : 0000088.png - PSNR: 29.84 dB
24-03-21 19:16:22.425 : 0000089.png - PSNR: 22.67 dB
24-03-21 19:16:22.580 : 0000090.png - PSNR: 21.43 dB
24-03-21 19:16:22.778 : 0000091.png - PSNR: 22.03 dB
24-03-21 19:16:22.998 : 0000092.png - PSNR: 18.93 dB
24-03-21 19:16:23.147 : 0000093.png - PSNR: 24.88 dB
24-03-21 19:16:23.252 : 0000094.png - PSNR: 22.79 dB
24-03-21 19:16:23.358 : 0000095.png - PSNR: 26.52 dB
24-03-21 19:16:23.555 : 0000096.png - PSNR: 29.55 dB
24-03-21 19:16:23.707 : 0000097.png - PSNR: 29.68 dB
24-03-21 19:16:24.083 : 0000098.png - PSNR: 24.01 dB
24-03-21 19:16:24.343 : 0000099.png - PSNR: 21.66 dB
24-03-21 19:16:24.502 : 0000100.png - PSNR: 25.22 dB
24-03-21 19:16:24.887 : 0801.png - PSNR: 29.24 dB
24-03-21 19:16:25.369 : 0802.png - PSNR: 35.23 dB
24-03-21 19:16:25.913 : 0803.png - PSNR: 40.40 dB
24-03-21 19:16:26.378 : 0804.png - PSNR: 27.39 dB
24-03-21 19:16:26.856 : 0805.png - PSNR: 28.45 dB
24-03-21 19:16:27.335 : 0806.png - PSNR: 28.20 dB
24-03-21 19:16:27.739 : 0807.png - PSNR: 20.21 dB
24-03-21 19:16:28.200 : 0808.png - PSNR: 26.79 dB
24-03-21 19:16:28.652 : 0809.png - PSNR: 32.17 dB
24-03-21 19:16:29.167 : 0810.png - PSNR: 26.59 dB
24-03-21 19:16:29.649 : 0811.png - PSNR: 29.03 dB
24-03-21 19:16:30.160 : 0812.png - PSNR: 27.83 dB
24-03-21 19:16:30.679 : 0813.png - PSNR: 31.37 dB
24-03-21 19:16:31.132 : 0814.png - PSNR: 28.14 dB
24-03-21 19:16:31.518 : 0815.png - PSNR: 33.95 dB
24-03-21 19:16:31.969 : 0816.png - PSNR: 31.63 dB
24-03-21 19:16:32.472 : 0817.png - PSNR: 31.99 dB
24-03-21 19:16:32.996 : 0818.png - PSNR: 28.72 dB
24-03-21 19:16:33.467 : 0819.png - PSNR: 27.90 dB
24-03-21 19:16:33.945 : 0820.png - PSNR: 24.87 dB
24-03-21 19:16:34.425 : 0821.png - PSNR: 32.25 dB
24-03-21 19:16:34.959 : 0822.png - PSNR: 30.63 dB
24-03-21 19:16:35.445 : 0823.png - PSNR: 26.00 dB
24-03-21 19:16:35.869 : 0824.png - PSNR: 28.42 dB
24-03-21 19:16:36.327 : 0825.png - PSNR: 27.37 dB
24-03-21 19:16:36.847 : 0826.png - PSNR: 24.20 dB
24-03-21 19:16:37.369 : 0827.png - PSNR: 33.44 dB
24-03-21 19:16:37.851 : 0828.png - PSNR: 21.01 dB
24-03-21 19:16:38.286 : 0829.png - PSNR: 26.59 dB
24-03-21 19:16:38.620 : 0830.png - PSNR: 24.47 dB
24-03-21 19:16:39.001 : 0831.png - PSNR: 30.25 dB
24-03-21 19:16:39.474 : 0832.png - PSNR: 30.53 dB
24-03-21 19:16:39.973 : 0833.png - PSNR: 34.00 dB
24-03-21 19:16:40.416 : 0834.png - PSNR: 25.36 dB
24-03-21 19:16:40.925 : 0835.png - PSNR: 22.81 dB
24-03-21 19:16:41.505 : 0836.png - PSNR: 25.86 dB
24-03-21 19:16:41.993 : 0837.png - PSNR: 26.24 dB
24-03-21 19:16:42.442 : 0838.png - PSNR: 37.71 dB
24-03-21 19:16:42.869 : 0839.png - PSNR: 29.05 dB
24-03-21 19:16:43.276 : 0840.png - PSNR: 28.39 dB
24-03-21 19:16:43.744 : 0841.png - PSNR: 28.04 dB
24-03-21 19:16:44.176 : 0842.png - PSNR: 29.67 dB
24-03-21 19:16:44.588 : 0843.png - PSNR: 41.10 dB
24-03-21 19:16:44.945 : 0844.png - PSNR: 44.11 dB
24-03-21 19:16:45.351 : 0845.png - PSNR: 24.03 dB
24-03-21 19:16:45.808 : 0846.png - PSNR: 25.36 dB
24-03-21 19:16:46.276 : 0847.png - PSNR: 27.76 dB
24-03-21 19:16:46.791 : 0848.png - PSNR: 27.23 dB
24-03-21 19:16:47.301 : 0849.png - PSNR: 22.27 dB
24-03-21 19:16:47.790 : 0850.png - PSNR: 29.10 dB
24-03-21 19:16:48.268 : 0851.png - PSNR: 28.44 dB
24-03-21 19:16:48.643 : 0852.png - PSNR: 30.04 dB
24-03-21 19:16:49.067 : 0853.png - PSNR: 34.04 dB
24-03-21 19:16:49.473 : 0854.png - PSNR: 24.91 dB
24-03-21 19:16:50.034 : 0855.png - PSNR: 29.28 dB
24-03-21 19:16:50.584 : 0856.png - PSNR: 24.20 dB
24-03-21 19:16:51.070 : 0857.png - PSNR: 34.91 dB
24-03-21 19:16:51.532 : 0858.png - PSNR: 28.48 dB
24-03-21 19:16:51.996 : 0859.png - PSNR: 25.26 dB
24-03-21 19:16:52.522 : 0860.png - PSNR: 20.54 dB
24-03-21 19:16:53.041 : 0861.png - PSNR: 22.97 dB
24-03-21 19:16:53.503 : 0862.png - PSNR: 33.09 dB
24-03-21 19:16:53.972 : 0863.png - PSNR: 33.19 dB
24-03-21 19:16:54.436 : 0864.png - PSNR: 29.92 dB
24-03-21 19:16:54.958 : 0865.png - PSNR: 27.29 dB
24-03-21 19:16:55.459 : 0866.png - PSNR: 24.99 dB
24-03-21 19:16:55.960 : 0867.png - PSNR: 28.52 dB
24-03-21 19:16:56.411 : 0868.png - PSNR: 32.77 dB
24-03-21 19:16:56.774 : 0869.png - PSNR: 23.70 dB
24-03-21 19:16:57.322 : 0870.png - PSNR: 28.54 dB
24-03-21 19:16:57.832 : 0871.png - PSNR: 32.09 dB
24-03-21 19:16:58.305 : 0872.png - PSNR: 23.92 dB
24-03-21 19:16:58.811 : 0873.png - PSNR: 24.05 dB
24-03-21 19:16:59.294 : 0874.png - PSNR: 30.05 dB
24-03-21 19:16:59.834 : 0875.png - PSNR: 24.34 dB
24-03-21 19:17:00.347 : 0876.png - PSNR: 22.11 dB
24-03-21 19:17:00.777 : 0877.png - PSNR: 40.13 dB
24-03-21 19:17:01.273 : 0878.png - PSNR: 32.15 dB
24-03-21 19:17:01.945 : 0879.png - PSNR: 27.34 dB
24-03-21 19:17:02.463 : 0880.png - PSNR: 31.98 dB
24-03-21 19:17:02.886 : 0881.png - PSNR: 25.90 dB
24-03-21 19:17:03.335 : 0882.png - PSNR: 34.13 dB
24-03-21 19:17:03.829 : 0883.png - PSNR: 26.19 dB
24-03-21 19:17:04.304 : 0884.png - PSNR: 25.87 dB
24-03-21 19:17:04.801 : 0885.png - PSNR: 22.72 dB
24-03-21 19:17:05.263 : 0886.png - PSNR: 36.21 dB
24-03-21 19:17:05.718 : 0887.png - PSNR: 25.32 dB
24-03-21 19:17:06.181 : 0888.png - PSNR: 30.53 dB
24-03-21 19:17:06.671 : 0889.png - PSNR: 30.80 dB
24-03-21 19:17:07.145 : 0890.png - PSNR: 25.29 dB
24-03-21 19:17:07.668 : 0891.png - PSNR: 26.96 dB
24-03-21 19:17:08.166 : 0892.png - PSNR: 29.90 dB
24-03-21 19:17:08.616 : 0893.png - PSNR: 33.22 dB
24-03-21 19:17:09.097 : 0894.png - PSNR: 31.79 dB
24-03-21 19:17:09.537 : 0895.png - PSNR: 20.39 dB
24-03-21 19:17:09.994 : 0896.png - PSNR: 39.02 dB
24-03-21 19:17:10.407 : 0897.png - PSNR: 22.10 dB
24-03-21 19:17:10.867 : 0898.png - PSNR: 34.33 dB
24-03-21 19:17:11.327 : 0899.png - PSNR: 31.31 dB
24-03-21 19:17:11.775 : 0900.png - PSNR: 27.99 dB
24-03-21 19:17:11.933 :       Max Memory : 222.949 [M]
24-03-21 19:17:11.933 : ------> Average runtime of (valid) is : 15.307558 milliseconds
24-03-21 19:17:11.934 : ------> Average PSNR of (valid) is : 26.859715 dB
24-03-21 19:17:11.937 :     #Activations : 56.6231 [M]
24-03-21 19:17:11.938 :          #Conv2d : 14
24-03-21 19:17:11.957 :            FLOPs : 28.8495 [G]
24-03-21 19:17:11.958 :          #Params : 0.4411 [M]
24-03-21 19:17:31.380 : 00_RLFN_baseline
24-03-21 19:17:31.556 : 0000001.png - PSNR: 25.67 dB
24-03-21 19:17:31.730 : 0000002.png - PSNR: 21.01 dB
24-03-21 19:17:31.934 : 0000003.png - PSNR: 26.43 dB
24-03-21 19:17:32.089 : 0000004.png - PSNR: 24.26 dB
24-03-21 19:17:32.329 : 0000005.png - PSNR: 25.11 dB
24-03-21 19:17:32.547 : 0000006.png - PSNR: 20.39 dB
24-03-21 19:17:32.701 : 0000007.png - PSNR: 19.04 dB
24-03-21 19:17:32.818 : 0000008.png - PSNR: 23.39 dB
24-03-21 19:17:32.920 : 0000009.png - PSNR: 23.25 dB
24-03-21 19:17:33.068 : 0000010.png - PSNR: 20.97 dB
24-03-21 19:17:33.221 : 0000011.png - PSNR: 25.67 dB
24-03-21 19:17:33.403 : 0000012.png - PSNR: 25.19 dB
24-03-21 19:17:33.622 : 0000013.png - PSNR: 26.03 dB
24-03-21 19:17:33.780 : 0000014.png - PSNR: 24.84 dB
24-03-21 19:17:33.881 : 0000015.png - PSNR: 22.91 dB
24-03-21 19:17:34.053 : 0000016.png - PSNR: 21.06 dB
24-03-21 19:17:34.228 : 0000017.png - PSNR: 22.56 dB
24-03-21 19:17:34.445 : 0000018.png - PSNR: 25.84 dB
24-03-21 19:17:34.687 : 0000019.png - PSNR: 22.62 dB
24-03-21 19:17:34.925 : 0000020.png - PSNR: 25.04 dB
24-03-21 19:17:35.120 : 0000021.png - PSNR: 24.27 dB
24-03-21 19:17:35.284 : 0000022.png - PSNR: 26.06 dB
24-03-21 19:17:35.496 : 0000023.png - PSNR: 31.51 dB
24-03-21 19:17:35.635 : 0000024.png - PSNR: 20.96 dB
24-03-21 19:17:35.779 : 0000025.png - PSNR: 25.84 dB
24-03-21 19:17:35.892 : 0000026.png - PSNR: 31.70 dB
24-03-21 19:17:36.010 : 0000027.png - PSNR: 22.52 dB
24-03-21 19:17:36.145 : 0000028.png - PSNR: 20.75 dB
24-03-21 19:17:36.294 : 0000029.png - PSNR: 24.64 dB
24-03-21 19:17:36.507 : 0000030.png - PSNR: 23.37 dB
24-03-21 19:17:36.657 : 0000031.png - PSNR: 35.59 dB
24-03-21 19:17:36.782 : 0000032.png - PSNR: 21.46 dB
24-03-21 19:17:36.928 : 0000033.png - PSNR: 24.72 dB
24-03-21 19:17:37.005 : 0000034.png - PSNR: 21.73 dB
24-03-21 19:17:37.089 : 0000035.png - PSNR: 27.57 dB
24-03-21 19:17:37.193 : 0000036.png - PSNR: 21.15 dB
24-03-21 19:17:37.367 : 0000037.png - PSNR: 23.74 dB
24-03-21 19:17:37.545 : 0000038.png - PSNR: 23.57 dB
24-03-21 19:17:37.749 : 0000039.png - PSNR: 22.56 dB
24-03-21 19:17:37.886 : 0000040.png - PSNR: 33.80 dB
24-03-21 19:17:38.026 : 0000041.png - PSNR: 24.83 dB
24-03-21 19:17:38.181 : 0000042.png - PSNR: 21.87 dB
24-03-21 19:17:38.398 : 0000043.png - PSNR: 23.14 dB
24-03-21 19:17:38.617 : 0000044.png - PSNR: 24.13 dB
24-03-21 19:17:38.714 : 0000045.png - PSNR: 25.30 dB
24-03-21 19:17:38.919 : 0000046.png - PSNR: 26.40 dB
24-03-21 19:17:39.247 : 0000047.png - PSNR: 21.35 dB
24-03-21 19:17:39.775 : 0000048.png - PSNR: 29.35 dB
24-03-21 19:17:40.299 : 0000049.png - PSNR: 24.82 dB
24-03-21 19:17:40.581 : 0000050.png - PSNR: 29.73 dB
24-03-21 19:17:40.724 : 0000051.png - PSNR: 23.72 dB
24-03-21 19:17:41.084 : 0000052.png - PSNR: 26.41 dB
24-03-21 19:17:41.671 : 0000053.png - PSNR: 32.14 dB
24-03-21 19:17:42.028 : 0000054.png - PSNR: 27.96 dB
24-03-21 19:17:42.176 : 0000055.png - PSNR: 27.16 dB
24-03-21 19:17:42.386 : 0000056.png - PSNR: 24.75 dB
24-03-21 19:17:42.541 : 0000057.png - PSNR: 22.58 dB
24-03-21 19:17:42.769 : 0000058.png - PSNR: 19.19 dB
24-03-21 19:17:43.048 : 0000059.png - PSNR: 23.15 dB
24-03-21 19:17:43.263 : 0000060.png - PSNR: 22.89 dB
24-03-21 19:17:43.507 : 0000061.png - PSNR: 23.97 dB
24-03-21 19:17:43.701 : 0000062.png - PSNR: 20.87 dB
24-03-21 19:17:43.848 : 0000063.png - PSNR: 21.34 dB
24-03-21 19:17:44.044 : 0000064.png - PSNR: 28.34 dB
24-03-21 19:17:44.264 : 0000065.png - PSNR: 20.95 dB
24-03-21 19:17:44.471 : 0000066.png - PSNR: 24.07 dB
24-03-21 19:17:44.626 : 0000067.png - PSNR: 23.01 dB
24-03-21 19:17:44.767 : 0000068.png - PSNR: 26.68 dB
24-03-21 19:17:44.957 : 0000069.png - PSNR: 29.34 dB
24-03-21 19:17:45.151 : 0000070.png - PSNR: 31.04 dB
24-03-21 19:17:45.323 : 0000071.png - PSNR: 26.30 dB
24-03-21 19:17:45.475 : 0000072.png - PSNR: 26.55 dB
24-03-21 19:17:45.679 : 0000073.png - PSNR: 22.21 dB
24-03-21 19:17:45.895 : 0000074.png - PSNR: 27.38 dB
24-03-21 19:17:46.066 : 0000075.png - PSNR: 28.85 dB
24-03-21 19:17:46.277 : 0000076.png - PSNR: 22.95 dB
24-03-21 19:17:46.414 : 0000077.png - PSNR: 24.39 dB
24-03-21 19:17:46.537 : 0000078.png - PSNR: 26.15 dB
24-03-21 19:17:46.700 : 0000079.png - PSNR: 24.36 dB
24-03-21 19:17:46.879 : 0000080.png - PSNR: 24.34 dB
24-03-21 19:17:47.066 : 0000081.png - PSNR: 23.74 dB
24-03-21 19:17:47.248 : 0000082.png - PSNR: 19.77 dB
24-03-21 19:17:47.435 : 0000083.png - PSNR: 30.06 dB
24-03-21 19:17:47.567 : 0000084.png - PSNR: 31.71 dB
24-03-21 19:17:47.658 : 0000085.png - PSNR: 25.01 dB
24-03-21 19:17:47.809 : 0000086.png - PSNR: 27.22 dB
24-03-21 19:17:47.978 : 0000087.png - PSNR: 31.29 dB
24-03-21 19:17:48.159 : 0000088.png - PSNR: 30.00 dB
24-03-21 19:17:48.311 : 0000089.png - PSNR: 22.64 dB
24-03-21 19:17:48.465 : 0000090.png - PSNR: 21.45 dB
24-03-21 19:17:48.662 : 0000091.png - PSNR: 22.05 dB
24-03-21 19:17:48.890 : 0000092.png - PSNR: 18.96 dB
24-03-21 19:17:49.050 : 0000093.png - PSNR: 24.90 dB
24-03-21 19:17:49.162 : 0000094.png - PSNR: 22.79 dB
24-03-21 19:17:49.275 : 0000095.png - PSNR: 26.54 dB
24-03-21 19:17:49.475 : 0000096.png - PSNR: 29.61 dB
24-03-21 19:17:49.638 : 0000097.png - PSNR: 29.90 dB
24-03-21 19:17:49.989 : 0000098.png - PSNR: 24.14 dB
24-03-21 19:17:50.233 : 0000099.png - PSNR: 21.68 dB
24-03-21 19:17:50.395 : 0000100.png - PSNR: 25.26 dB
24-03-21 19:17:50.759 : 0801.png - PSNR: 29.50 dB
24-03-21 19:17:51.189 : 0802.png - PSNR: 35.29 dB
24-03-21 19:17:51.694 : 0803.png - PSNR: 40.60 dB
24-03-21 19:17:52.129 : 0804.png - PSNR: 27.47 dB
24-03-21 19:17:52.585 : 0805.png - PSNR: 28.57 dB
24-03-21 19:17:53.040 : 0806.png - PSNR: 28.50 dB
24-03-21 19:17:53.425 : 0807.png - PSNR: 20.25 dB
24-03-21 19:17:53.830 : 0808.png - PSNR: 26.84 dB
24-03-21 19:17:54.280 : 0809.png - PSNR: 32.28 dB
24-03-21 19:17:54.792 : 0810.png - PSNR: 26.78 dB
24-03-21 19:17:55.241 : 0811.png - PSNR: 29.11 dB
24-03-21 19:17:55.751 : 0812.png - PSNR: 28.03 dB
24-03-21 19:17:56.223 : 0813.png - PSNR: 31.43 dB
24-03-21 19:17:56.650 : 0814.png - PSNR: 28.31 dB
24-03-21 19:17:57.029 : 0815.png - PSNR: 34.17 dB
24-03-21 19:17:57.487 : 0816.png - PSNR: 31.70 dB
24-03-21 19:17:57.969 : 0817.png - PSNR: 32.28 dB
24-03-21 19:17:58.475 : 0818.png - PSNR: 29.00 dB
24-03-21 19:17:58.936 : 0819.png - PSNR: 28.10 dB
24-03-21 19:17:59.403 : 0820.png - PSNR: 24.97 dB
24-03-21 19:17:59.881 : 0821.png - PSNR: 32.17 dB
24-03-21 19:18:00.415 : 0822.png - PSNR: 30.70 dB
24-03-21 19:18:00.890 : 0823.png - PSNR: 26.08 dB
24-03-21 19:18:01.307 : 0824.png - PSNR: 28.51 dB
24-03-21 19:18:01.754 : 0825.png - PSNR: 27.41 dB
24-03-21 19:18:02.249 : 0826.png - PSNR: 24.23 dB
24-03-21 19:18:02.734 : 0827.png - PSNR: 33.59 dB
24-03-21 19:18:03.186 : 0828.png - PSNR: 21.84 dB
24-03-21 19:18:03.598 : 0829.png - PSNR: 26.61 dB
24-03-21 19:18:03.955 : 0830.png - PSNR: 24.49 dB
24-03-21 19:18:04.313 : 0831.png - PSNR: 30.27 dB
24-03-21 19:18:04.784 : 0832.png - PSNR: 30.83 dB
24-03-21 19:18:05.296 : 0833.png - PSNR: 34.19 dB
24-03-21 19:18:05.715 : 0834.png - PSNR: 25.44 dB
24-03-21 19:18:06.211 : 0835.png - PSNR: 22.89 dB
24-03-21 19:18:06.731 : 0836.png - PSNR: 25.94 dB
24-03-21 19:18:07.186 : 0837.png - PSNR: 26.28 dB
24-03-21 19:18:07.622 : 0838.png - PSNR: 37.79 dB
24-03-21 19:18:08.040 : 0839.png - PSNR: 29.09 dB
24-03-21 19:18:08.435 : 0840.png - PSNR: 28.42 dB
24-03-21 19:18:08.904 : 0841.png - PSNR: 28.22 dB
24-03-21 19:18:09.333 : 0842.png - PSNR: 29.91 dB
24-03-21 19:18:09.720 : 0843.png - PSNR: 41.27 dB
24-03-21 19:18:10.050 : 0844.png - PSNR: 44.39 dB
24-03-21 19:18:10.441 : 0845.png - PSNR: 24.27 dB
24-03-21 19:18:10.895 : 0846.png - PSNR: 25.58 dB
24-03-21 19:18:11.310 : 0847.png - PSNR: 27.77 dB
24-03-21 19:18:11.800 : 0848.png - PSNR: 27.30 dB
24-03-21 19:18:12.279 : 0849.png - PSNR: 22.41 dB
24-03-21 19:18:12.748 : 0850.png - PSNR: 29.17 dB
24-03-21 19:18:13.169 : 0851.png - PSNR: 28.55 dB
24-03-21 19:18:13.541 : 0852.png - PSNR: 30.06 dB
24-03-21 19:18:13.938 : 0853.png - PSNR: 34.30 dB
24-03-21 19:18:14.313 : 0854.png - PSNR: 24.96 dB
24-03-21 19:18:14.828 : 0855.png - PSNR: 29.44 dB
24-03-21 19:18:15.347 : 0856.png - PSNR: 24.39 dB
24-03-21 19:18:15.806 : 0857.png - PSNR: 34.95 dB
24-03-21 19:18:16.232 : 0858.png - PSNR: 28.58 dB
24-03-21 19:18:16.681 : 0859.png - PSNR: 25.42 dB
24-03-21 19:18:17.190 : 0860.png - PSNR: 20.62 dB
24-03-21 19:18:17.669 : 0861.png - PSNR: 23.10 dB
24-03-21 19:18:18.096 : 0862.png - PSNR: 33.18 dB
24-03-21 19:18:18.562 : 0863.png - PSNR: 33.25 dB
24-03-21 19:18:19.000 : 0864.png - PSNR: 29.95 dB
24-03-21 19:18:19.504 : 0865.png - PSNR: 27.31 dB
24-03-21 19:18:19.967 : 0866.png - PSNR: 25.11 dB
24-03-21 19:18:20.435 : 0867.png - PSNR: 28.52 dB
24-03-21 19:18:20.853 : 0868.png - PSNR: 32.90 dB
24-03-21 19:18:21.200 : 0869.png - PSNR: 23.81 dB
24-03-21 19:18:21.713 : 0870.png - PSNR: 28.65 dB
24-03-21 19:18:22.194 : 0871.png - PSNR: 32.19 dB
24-03-21 19:18:22.628 : 0872.png - PSNR: 24.07 dB
24-03-21 19:18:23.107 : 0873.png - PSNR: 24.08 dB
24-03-21 19:18:23.566 : 0874.png - PSNR: 30.16 dB
24-03-21 19:18:24.088 : 0875.png - PSNR: 24.41 dB
24-03-21 19:18:24.579 : 0876.png - PSNR: 22.17 dB
24-03-21 19:18:24.988 : 0877.png - PSNR: 40.45 dB
24-03-21 19:18:25.465 : 0878.png - PSNR: 32.23 dB
24-03-21 19:18:26.079 : 0879.png - PSNR: 27.36 dB
24-03-21 19:18:26.541 : 0880.png - PSNR: 32.19 dB
24-03-21 19:18:26.929 : 0881.png - PSNR: 26.01 dB
24-03-21 19:18:27.351 : 0882.png - PSNR: 34.28 dB
24-03-21 19:18:27.835 : 0883.png - PSNR: 26.40 dB
24-03-21 19:18:28.301 : 0884.png - PSNR: 25.99 dB
24-03-21 19:18:28.771 : 0885.png - PSNR: 22.95 dB
24-03-21 19:18:29.210 : 0886.png - PSNR: 36.61 dB
24-03-21 19:18:29.650 : 0887.png - PSNR: 25.29 dB
24-03-21 19:18:30.083 : 0888.png - PSNR: 30.68 dB
24-03-21 19:18:30.556 : 0889.png - PSNR: 31.02 dB
24-03-21 19:18:30.981 : 0890.png - PSNR: 25.30 dB
24-03-21 19:18:31.501 : 0891.png - PSNR: 26.95 dB
24-03-21 19:18:31.981 : 0892.png - PSNR: 30.24 dB
24-03-21 19:18:32.410 : 0893.png - PSNR: 33.33 dB
24-03-21 19:18:32.862 : 0894.png - PSNR: 31.84 dB
24-03-21 19:18:33.270 : 0895.png - PSNR: 20.42 dB
24-03-21 19:18:33.689 : 0896.png - PSNR: 39.26 dB
24-03-21 19:18:34.104 : 0897.png - PSNR: 22.17 dB
24-03-21 19:18:34.555 : 0898.png - PSNR: 34.66 dB
24-03-21 19:18:34.989 : 0899.png - PSNR: 31.47 dB
24-03-21 19:18:35.425 : 0900.png - PSNR: 28.06 dB
24-03-21 19:18:35.583 :       Max Memory : 468.773 [M]
24-03-21 19:18:35.583 : ------> Average runtime of (valid) is : 18.502327 milliseconds
24-03-21 19:18:35.583 : ------> Average PSNR of (valid) is : 26.955139 dB
24-03-21 19:18:35.598 :     #Activations : 80.0452 [M]
24-03-21 19:18:35.598 :          #Conv2d : 39
24-03-21 19:18:35.647 :            FLOPs : 19.6749 [G]
24-03-21 19:18:35.647 :          #Params : 0.3172 [M]
24-03-21 19:26:26.478 : 01_EFQN
24-03-21 19:26:26.519 :     #Activations : 56.6231 [M]
24-03-21 19:26:26.520 :          #Conv2d : 14
24-03-21 19:26:26.525 :            FLOPs : 28.8495 [G]
24-03-21 19:26:26.526 :          #Params : 0.4411 [M]
24-03-21 19:27:30.364 : 01_EFQN
24-03-21 19:28:08.608 :       Max Memory : 366.710 [M]
24-03-21 19:28:08.608 : ------> Average runtime of (test) is : 15.539934 milliseconds
24-03-21 19:28:08.612 :     #Activations : 56.6231 [M]
24-03-21 19:28:08.612 :          #Conv2d : 14
24-03-21 19:28:08.618 :            FLOPs : 28.8495 [G]
24-03-21 19:28:08.619 :          #Params : 0.4411 [M]
